\BOOKMARK [1][-]{section.1}{\376\377\000P\000r\000o\000j\000e\000c\000t\000\040\000O\000v\000e\000r\000v\000i\000e\000w}{}% 1
\BOOKMARK [1][-]{section.2}{\376\377\000T\000e\000c\000h\000n\000o\000l\000o\000g\000y\000\040\000S\000t\000a\000c\000k}{}% 2
\BOOKMARK [1][-]{section.3}{\376\377\000P\000r\000o\000j\000e\000c\000t\000\040\000S\000t\000r\000u\000c\000t\000u\000r\000e}{}% 3
\BOOKMARK [1][-]{section.4}{\376\377\000F\000i\000l\000e\000-\000b\000y\000-\000F\000i\000l\000e\000\040\000R\000e\000f\000e\000r\000e\000n\000c\000e}{}% 4
\BOOKMARK [2][-]{subsection.4.1}{\376\377\000s\000e\000r\000v\000e\000r\000.\000j\000s}{section.4}% 5
\BOOKMARK [2][-]{subsection.4.2}{\376\377\000a\000p\000p\000.\000j\000s\000\040\000\050\000r\000o\000o\000t\000\051}{section.4}% 6
\BOOKMARK [2][-]{subsection.4.3}{\376\377\000s\000r\000c\000/\000m\000o\000d\000e\000l\000s\000/\000T\000a\000s\000k\000.\000j\000s}{section.4}% 7
\BOOKMARK [2][-]{subsection.4.4}{\376\377\000s\000r\000c\000/\000d\000a\000t\000a\000/\000s\000t\000o\000r\000e\000.\000j\000s}{section.4}% 8
\BOOKMARK [2][-]{subsection.4.5}{\376\377\000s\000r\000c\000/\000m\000i\000d\000d\000l\000e\000w\000a\000r\000e\000/\000v\000a\000l\000i\000d\000a\000t\000e\000.\000j\000s}{section.4}% 9
\BOOKMARK [2][-]{subsection.4.6}{\376\377\000s\000r\000c\000/\000m\000i\000d\000d\000l\000e\000w\000a\000r\000e\000/\000u\000p\000l\000o\000a\000d\000.\000j\000s}{section.4}% 10
\BOOKMARK [2][-]{subsection.4.7}{\376\377\000s\000r\000c\000/\000r\000o\000u\000t\000e\000s\000/\000t\000a\000s\000k\000s\000.\000j\000s}{section.4}% 11
\BOOKMARK [2][-]{subsection.4.8}{\376\377\000p\000u\000b\000l\000i\000c\000/\000i\000n\000d\000e\000x\000.\000h\000t\000m\000l}{section.4}% 12
\BOOKMARK [2][-]{subsection.4.9}{\376\377\000p\000u\000b\000l\000i\000c\000/\000a\000p\000p\000.\000j\000s}{section.4}% 13
\BOOKMARK [2][-]{subsection.4.10}{\376\377\000p\000u\000b\000l\000i\000c\000/\000s\000t\000y\000l\000e\000.\000c\000s\000s}{section.4}% 14
\BOOKMARK [2][-]{subsection.4.11}{\376\377\000p\000a\000c\000k\000a\000g\000e\000.\000j\000s\000o\000n}{section.4}% 15
\BOOKMARK [2][-]{subsection.4.12}{\376\377\000p\000a\000c\000k\000a\000g\000e\000-\000l\000o\000c\000k\000.\000j\000s\000o\000n}{section.4}% 16
\BOOKMARK [2][-]{subsection.4.13}{\376\377\000t\000e\000s\000t\000.\000h\000t\000t\000p}{section.4}% 17
\BOOKMARK [2][-]{subsection.4.14}{\376\377\000.\000g\000i\000t\000i\000g\000n\000o\000r\000e}{section.4}% 18
\BOOKMARK [2][-]{subsection.4.15}{\376\377\000.\000g\000i\000t\000a\000t\000t\000r\000i\000b\000u\000t\000e\000s}{section.4}% 19
\BOOKMARK [1][-]{section.5}{\376\377\000A\000P\000I\000\040\000S\000u\000m\000m\000a\000r\000y}{}% 20
\BOOKMARK [1][-]{section.6}{\376\377\000D\000e\000s\000i\000g\000n\000\040\000N\000o\000t\000e\000s\000\040\000a\000n\000d\000\040\000L\000i\000m\000i\000t\000a\000t\000i\000o\000n\000s}{}% 21
